
*** Running vivado
    with args -log minitpu_proc_sys_reset_0_0.vds -m64 -product Vivado -mode batch -messageDb vivado.pb -notrace -source minitpu_proc_sys_reset_0_0.tcl


****** Vivado v2023.2 (64-bit)
  **** SW Build 4029153 on Fri Oct 13 20:13:54 MDT 2023
  **** IP Build 4028589 on Sat Oct 14 00:45:43 MDT 2023
  **** SharedData Build 4025554 on Tue Oct 10 17:18:54 MDT 2023
    ** Copyright 1986-2022 Xilinx, Inc. All Rights Reserved.
    ** Copyright 2022-2023 Advanced Micro Devices, Inc. All Rights Reserved.

source minitpu_proc_sys_reset_0_0.tcl -notrace
create_project: Time (s): cpu = 00:00:07 ; elapsed = 00:00:07 . Memory (MB): peak = 1556.219 ; gain = 38.836 ; free physical = 64470 ; free virtual = 157811
INFO: [IP_Flow 19-234] Refreshing IP repositories
INFO: [IP_Flow 19-1700] Loaded user IP repository '/home/mss464/minitpu/tpu/ultra96-v2/ip_repo'.
INFO: [IP_Flow 19-2313] Loaded Vivado IP repository '/opt/xilinx/Vivado/2023.2/data/ip'.
INFO: [IP_Flow 19-6924] IPCACHE: Running cache check for IP inst: minitpu_proc_sys_reset_0_0
Command: synth_design -top minitpu_proc_sys_reset_0_0 -part xczu3eg-sbva484-1-i -incremental_mode off -mode out_of_context
Starting synth_design
Attempting to get a license for feature 'Synthesis' and/or device 'xczu3eg'
INFO: [Common 17-349] Got license for feature 'Synthesis' and/or device 'xczu3eg'
INFO: [Device 21-403] Loading part xczu3eg-sbva484-1-i
INFO: [Synth 8-7079] Multithreading enabled for synth_design using a maximum of 4 processes.
INFO: [Synth 8-7078] Launching helper process for spawning children vivado processes
INFO: [Synth 8-7075] Helper process launched with PID 3998203
---------------------------------------------------------------------------------
Starting RTL Elaboration : Time (s): cpu = 00:00:04 ; elapsed = 00:00:04 . Memory (MB): peak = 2738.980 ; gain = 289.777 ; free physical = 62645 ; free virtual = 155987
---------------------------------------------------------------------------------
INFO: [Synth 8-638] synthesizing module 'minitpu_proc_sys_reset_0_0' [/home/mss464/minitpu/tpu/ultra96-v2/output/tpu_system/tpu_system.gen/sources_1/bd/minitpu/ip/minitpu_proc_sys_reset_0_0/synth/minitpu_proc_sys_reset_0_0.vhd:74]
	Parameter C_FAMILY bound to: zynquplus - type: string 
	Parameter C_EXT_RST_WIDTH bound to: 4 - type: integer 
	Parameter C_AUX_RST_WIDTH bound to: 4 - type: integer 
	Parameter C_EXT_RESET_HIGH bound to: 1'b0 
	Parameter C_AUX_RESET_HIGH bound to: 1'b0 
	Parameter C_NUM_BUS_RST bound to: 1 - type: integer 
	Parameter C_NUM_PERP_RST bound to: 1 - type: integer 
	Parameter C_NUM_INTERCONNECT_ARESETN bound to: 1 - type: integer 
	Parameter C_NUM_PERP_ARESETN bound to: 1 - type: integer 
INFO: [Synth 8-3491] module 'proc_sys_reset' declared at '/home/mss464/minitpu/tpu/ultra96-v2/output/tpu_system/tpu_system.gen/sources_1/bd/minitpu/ipshared/408c/hdl/proc_sys_reset_v5_0_vh_rfs.vhd:1271' bound to instance 'U0' of component 'proc_sys_reset' [/home/mss464/minitpu/tpu/ultra96-v2/output/tpu_system/tpu_system.gen/sources_1/bd/minitpu/ip/minitpu_proc_sys_reset_0_0/synth/minitpu_proc_sys_reset_0_0.vhd:129]
INFO: [Synth 8-638] synthesizing module 'proc_sys_reset' [/home/mss464/minitpu/tpu/ultra96-v2/output/tpu_system/tpu_system.gen/sources_1/bd/minitpu/ipshared/408c/hdl/proc_sys_reset_v5_0_vh_rfs.vhd:1330]
	Parameter INIT bound to: 1'b1 
INFO: [Synth 8-113] binding component instance 'FDRE_inst' to cell 'FDRE' [/home/mss464/minitpu/tpu/ultra96-v2/output/tpu_system/tpu_system.gen/sources_1/bd/minitpu/ipshared/408c/hdl/proc_sys_reset_v5_0_vh_rfs.vhd:1399]
	Parameter INIT bound to: 1'b1 
INFO: [Synth 8-113] binding component instance 'FDRE_BSR' to cell 'FDRE' [/home/mss464/minitpu/tpu/ultra96-v2/output/tpu_system/tpu_system.gen/sources_1/bd/minitpu/ipshared/408c/hdl/proc_sys_reset_v5_0_vh_rfs.vhd:1415]
	Parameter INIT bound to: 1'b0 
INFO: [Synth 8-113] binding component instance 'FDRE_BSR_N' to cell 'FDRE' [/home/mss464/minitpu/tpu/ultra96-v2/output/tpu_system/tpu_system.gen/sources_1/bd/minitpu/ipshared/408c/hdl/proc_sys_reset_v5_0_vh_rfs.vhd:1441]
	Parameter INIT bound to: 1'b1 
INFO: [Synth 8-113] binding component instance 'FDRE_PER' to cell 'FDRE' [/home/mss464/minitpu/tpu/ultra96-v2/output/tpu_system/tpu_system.gen/sources_1/bd/minitpu/ipshared/408c/hdl/proc_sys_reset_v5_0_vh_rfs.vhd:1464]
	Parameter INIT bound to: 1'b0 
INFO: [Synth 8-113] binding component instance 'FDRE_PER_N' to cell 'FDRE' [/home/mss464/minitpu/tpu/ultra96-v2/output/tpu_system/tpu_system.gen/sources_1/bd/minitpu/ipshared/408c/hdl/proc_sys_reset_v5_0_vh_rfs.vhd:1488]
INFO: [Synth 8-638] synthesizing module 'lpf' [/home/mss464/minitpu/tpu/ultra96-v2/output/tpu_system/tpu_system.gen/sources_1/bd/minitpu/ipshared/408c/hdl/proc_sys_reset_v5_0_vh_rfs.vhd:821]
INFO: [Synth 8-3491] module 'SRL16' declared at '/opt/xilinx/Vivado/2023.2/scripts/rt/data/unisim_comp.v:133721' bound to instance 'POR_SRL_I' of component 'SRL16' [/home/mss464/minitpu/tpu/ultra96-v2/output/tpu_system/tpu_system.gen/sources_1/bd/minitpu/ipshared/408c/hdl/proc_sys_reset_v5_0_vh_rfs.vhd:873]
INFO: [Synth 8-6157] synthesizing module 'SRL16' [/opt/xilinx/Vivado/2023.2/scripts/rt/data/unisim_comp.v:133721]
INFO: [Synth 8-6155] done synthesizing module 'SRL16' (0#1) [/opt/xilinx/Vivado/2023.2/scripts/rt/data/unisim_comp.v:133721]
INFO: [Synth 8-638] synthesizing module 'cdc_sync' [/home/mss464/minitpu/tpu/ultra96-v2/output/tpu_system/tpu_system.gen/sources_1/bd/minitpu/ipshared/ef1e/hdl/lib_cdc_v1_0_rfs.vhd:106]
	Parameter INIT bound to: 1'b0 
INFO: [Synth 8-113] binding component instance 'CROSS_PLEVEL_IN2SCNDRY_IN_cdc_to' to cell 'FDR' [/home/mss464/minitpu/tpu/ultra96-v2/output/tpu_system/tpu_system.gen/sources_1/bd/minitpu/ipshared/ef1e/hdl/lib_cdc_v1_0_rfs.vhd:514]
	Parameter INIT bound to: 1'b0 
INFO: [Synth 8-113] binding component instance 'CROSS_PLEVEL_IN2SCNDRY_s_level_out_d2' to cell 'FDR' [/home/mss464/minitpu/tpu/ultra96-v2/output/tpu_system/tpu_system.gen/sources_1/bd/minitpu/ipshared/ef1e/hdl/lib_cdc_v1_0_rfs.vhd:545]
	Parameter INIT bound to: 1'b0 
INFO: [Synth 8-113] binding component instance 'CROSS_PLEVEL_IN2SCNDRY_s_level_out_d3' to cell 'FDR' [/home/mss464/minitpu/tpu/ultra96-v2/output/tpu_system/tpu_system.gen/sources_1/bd/minitpu/ipshared/ef1e/hdl/lib_cdc_v1_0_rfs.vhd:554]
	Parameter INIT bound to: 1'b0 
INFO: [Synth 8-113] binding component instance 'CROSS_PLEVEL_IN2SCNDRY_s_level_out_d4' to cell 'FDR' [/home/mss464/minitpu/tpu/ultra96-v2/output/tpu_system/tpu_system.gen/sources_1/bd/minitpu/ipshared/ef1e/hdl/lib_cdc_v1_0_rfs.vhd:564]
	Parameter INIT bound to: 1'b0 
INFO: [Synth 8-113] binding component instance 'CROSS_PLEVEL_IN2SCNDRY_s_level_out_d5' to cell 'FDR' [/home/mss464/minitpu/tpu/ultra96-v2/output/tpu_system/tpu_system.gen/sources_1/bd/minitpu/ipshared/ef1e/hdl/lib_cdc_v1_0_rfs.vhd:574]
	Parameter INIT bound to: 1'b0 
INFO: [Synth 8-113] binding component instance 'CROSS_PLEVEL_IN2SCNDRY_s_level_out_d6' to cell 'FDR' [/home/mss464/minitpu/tpu/ultra96-v2/output/tpu_system/tpu_system.gen/sources_1/bd/minitpu/ipshared/ef1e/hdl/lib_cdc_v1_0_rfs.vhd:584]
INFO: [Synth 8-256] done synthesizing module 'cdc_sync' (0#1) [/home/mss464/minitpu/tpu/ultra96-v2/output/tpu_system/tpu_system.gen/sources_1/bd/minitpu/ipshared/ef1e/hdl/lib_cdc_v1_0_rfs.vhd:106]
INFO: [Synth 8-256] done synthesizing module 'lpf' (0#1) [/home/mss464/minitpu/tpu/ultra96-v2/output/tpu_system/tpu_system.gen/sources_1/bd/minitpu/ipshared/408c/hdl/proc_sys_reset_v5_0_vh_rfs.vhd:821]
INFO: [Synth 8-638] synthesizing module 'sequence_psr' [/home/mss464/minitpu/tpu/ultra96-v2/output/tpu_system/tpu_system.gen/sources_1/bd/minitpu/ipshared/408c/hdl/proc_sys_reset_v5_0_vh_rfs.vhd:304]
INFO: [Synth 8-638] synthesizing module 'upcnt_n' [/home/mss464/minitpu/tpu/ultra96-v2/output/tpu_system/tpu_system.gen/sources_1/bd/minitpu/ipshared/408c/hdl/proc_sys_reset_v5_0_vh_rfs.vhd:126]
INFO: [Synth 8-256] done synthesizing module 'upcnt_n' (0#1) [/home/mss464/minitpu/tpu/ultra96-v2/output/tpu_system/tpu_system.gen/sources_1/bd/minitpu/ipshared/408c/hdl/proc_sys_reset_v5_0_vh_rfs.vhd:126]
INFO: [Synth 8-256] done synthesizing module 'sequence_psr' (0#1) [/home/mss464/minitpu/tpu/ultra96-v2/output/tpu_system/tpu_system.gen/sources_1/bd/minitpu/ipshared/408c/hdl/proc_sys_reset_v5_0_vh_rfs.vhd:304]
INFO: [Synth 8-256] done synthesizing module 'proc_sys_reset' (0#1) [/home/mss464/minitpu/tpu/ultra96-v2/output/tpu_system/tpu_system.gen/sources_1/bd/minitpu/ipshared/408c/hdl/proc_sys_reset_v5_0_vh_rfs.vhd:1330]
INFO: [Synth 8-256] done synthesizing module 'minitpu_proc_sys_reset_0_0' (0#1) [/home/mss464/minitpu/tpu/ultra96-v2/output/tpu_system/tpu_system.gen/sources_1/bd/minitpu/ip/minitpu_proc_sys_reset_0_0/synth/minitpu_proc_sys_reset_0_0.vhd:74]
WARNING: [Synth 8-7129] Port prmry_aclk in module cdc_sync is either unconnected or has no load
WARNING: [Synth 8-7129] Port prmry_resetn in module cdc_sync is either unconnected or has no load
WARNING: [Synth 8-7129] Port prmry_vect_in[1] in module cdc_sync is either unconnected or has no load
WARNING: [Synth 8-7129] Port prmry_vect_in[0] in module cdc_sync is either unconnected or has no load
WARNING: [Synth 8-7129] Port scndry_resetn in module cdc_sync is either unconnected or has no load
---------------------------------------------------------------------------------
Finished RTL Elaboration : Time (s): cpu = 00:00:06 ; elapsed = 00:00:06 . Memory (MB): peak = 2819.918 ; gain = 370.715 ; free physical = 62533 ; free virtual = 155876
---------------------------------------------------------------------------------
---------------------------------------------------------------------------------
Start Handling Custom Attributes
---------------------------------------------------------------------------------
---------------------------------------------------------------------------------
Finished Handling Custom Attributes : Time (s): cpu = 00:00:06 ; elapsed = 00:00:06 . Memory (MB): peak = 2819.918 ; gain = 370.715 ; free physical = 62548 ; free virtual = 155891
---------------------------------------------------------------------------------
---------------------------------------------------------------------------------
Finished RTL Optimization Phase 1 : Time (s): cpu = 00:00:06 ; elapsed = 00:00:06 . Memory (MB): peak = 2819.918 ; gain = 370.715 ; free physical = 62548 ; free virtual = 155891
---------------------------------------------------------------------------------
Netlist sorting complete. Time (s): cpu = 00:00:00.01 ; elapsed = 00:00:00 . Memory (MB): peak = 2830.887 ; gain = 0.000 ; free physical = 62543 ; free virtual = 155886
INFO: [Netlist 29-17] Analyzing 13 Unisim elements for replacement
INFO: [Netlist 29-28] Unisim Transformation completed in 0 CPU seconds
INFO: [Project 1-570] Preparing netlist for logic optimization

Processing XDC Constraints
Initializing timing engine
Parsing XDC File [/home/mss464/minitpu/tpu/ultra96-v2/output/tpu_system/tpu_system.gen/sources_1/bd/minitpu/ip/minitpu_proc_sys_reset_0_0/minitpu_proc_sys_reset_0_0_ooc.xdc] for cell 'U0'
Finished Parsing XDC File [/home/mss464/minitpu/tpu/ultra96-v2/output/tpu_system/tpu_system.gen/sources_1/bd/minitpu/ip/minitpu_proc_sys_reset_0_0/minitpu_proc_sys_reset_0_0_ooc.xdc] for cell 'U0'
Parsing XDC File [/home/mss464/minitpu/tpu/ultra96-v2/output/tpu_system/tpu_system.gen/sources_1/bd/minitpu/ip/minitpu_proc_sys_reset_0_0/minitpu_proc_sys_reset_0_0_board.xdc] for cell 'U0'
Finished Parsing XDC File [/home/mss464/minitpu/tpu/ultra96-v2/output/tpu_system/tpu_system.gen/sources_1/bd/minitpu/ip/minitpu_proc_sys_reset_0_0/minitpu_proc_sys_reset_0_0_board.xdc] for cell 'U0'
Parsing XDC File [/home/mss464/minitpu/tpu/ultra96-v2/output/tpu_system/tpu_system.gen/sources_1/bd/minitpu/ip/minitpu_proc_sys_reset_0_0/minitpu_proc_sys_reset_0_0.xdc] for cell 'U0'
Finished Parsing XDC File [/home/mss464/minitpu/tpu/ultra96-v2/output/tpu_system/tpu_system.gen/sources_1/bd/minitpu/ip/minitpu_proc_sys_reset_0_0/minitpu_proc_sys_reset_0_0.xdc] for cell 'U0'
INFO: [Project 1-236] Implementation specific constraints were found while reading constraint file [/home/mss464/minitpu/tpu/ultra96-v2/output/tpu_system/tpu_system.gen/sources_1/bd/minitpu/ip/minitpu_proc_sys_reset_0_0/minitpu_proc_sys_reset_0_0.xdc]. These constraints will be ignored for synthesis but will be used in implementation. Impacted constraints are listed in the file [.Xil/minitpu_proc_sys_reset_0_0_propImpl.xdc].
Resolution: To avoid this warning, move constraints listed in [.Xil/minitpu_proc_sys_reset_0_0_propImpl.xdc] to another XDC file and exclude this new file from synthesis with the used_in_synthesis property (File Properties dialog in GUI) and re-run elaboration/synthesis.
Parsing XDC File [/home/mss464/minitpu/tpu/ultra96-v2/output/tpu_system/tpu_system.runs/minitpu_proc_sys_reset_0_0_synth_1/dont_touch.xdc]
Finished Parsing XDC File [/home/mss464/minitpu/tpu/ultra96-v2/output/tpu_system/tpu_system.runs/minitpu_proc_sys_reset_0_0_synth_1/dont_touch.xdc]
Completed Processing XDC Constraints

Netlist sorting complete. Time (s): cpu = 00:00:00 ; elapsed = 00:00:00 . Memory (MB): peak = 2957.730 ; gain = 0.000 ; free physical = 62474 ; free virtual = 155818
INFO: [Project 1-111] Unisim Transformation Summary:
  A total of 13 instances were transformed.
  FDR => FDRE: 12 instances
  SRL16 => SRL16E: 1 instance 

Constraint Validation Runtime : Time (s): cpu = 00:00:00.01 ; elapsed = 00:00:00.01 . Memory (MB): peak = 2957.766 ; gain = 0.000 ; free physical = 62473 ; free virtual = 155816
INFO: [Designutils 20-5008] Incremental synthesis strategy off
---------------------------------------------------------------------------------
Finished Constraint Validation : Time (s): cpu = 00:00:17 ; elapsed = 00:00:17 . Memory (MB): peak = 2957.766 ; gain = 508.562 ; free physical = 62536 ; free virtual = 155879
---------------------------------------------------------------------------------
---------------------------------------------------------------------------------
Start Loading Part and Timing Information
---------------------------------------------------------------------------------
Loading part: xczu3eg-sbva484-1-i
INFO: [Synth 8-6742] Reading net delay rules and data
---------------------------------------------------------------------------------
Finished Loading Part and Timing Information : Time (s): cpu = 00:00:17 ; elapsed = 00:00:17 . Memory (MB): peak = 2957.766 ; gain = 508.562 ; free physical = 62536 ; free virtual = 155879
---------------------------------------------------------------------------------
---------------------------------------------------------------------------------
Start Applying 'set_property' XDC Constraints
---------------------------------------------------------------------------------
Applied set_property KEEP_HIERARCHY = SOFT for U0. (constraint file  /home/mss464/minitpu/tpu/ultra96-v2/output/tpu_system/tpu_system.runs/minitpu_proc_sys_reset_0_0_synth_1/dont_touch.xdc, line 9).
---------------------------------------------------------------------------------
Finished applying 'set_property' XDC Constraints : Time (s): cpu = 00:00:17 ; elapsed = 00:00:17 . Memory (MB): peak = 2957.766 ; gain = 508.562 ; free physical = 62536 ; free virtual = 155879
---------------------------------------------------------------------------------
---------------------------------------------------------------------------------
Finished RTL Optimization Phase 2 : Time (s): cpu = 00:00:17 ; elapsed = 00:00:18 . Memory (MB): peak = 2957.766 ; gain = 508.562 ; free physical = 62516 ; free virtual = 155860
---------------------------------------------------------------------------------
---------------------------------------------------------------------------------
Start RTL Component Statistics 
---------------------------------------------------------------------------------
Detailed RTL Component Info : 
+---Adders : 
	   2 Input    6 Bit       Adders := 1     
+---Registers : 
	                6 Bit    Registers := 1     
	                3 Bit    Registers := 3     
	                1 Bit    Registers := 8     
+---Muxes : 
	   2 Input    6 Bit        Muxes := 1     
	   2 Input    1 Bit        Muxes := 1     
---------------------------------------------------------------------------------
Finished RTL Component Statistics 
---------------------------------------------------------------------------------
---------------------------------------------------------------------------------
Start Part Resource Summary
---------------------------------------------------------------------------------
Part Resources:
DSPs: 360 (col length:72)
BRAMs: 432 (col length: RAMB18 72 RAMB36 36)
---------------------------------------------------------------------------------
Finished Part Resource Summary
---------------------------------------------------------------------------------
---------------------------------------------------------------------------------
Start Cross Boundary and Area Optimization
---------------------------------------------------------------------------------
WARNING: [Synth 8-7080] Parallel synthesis criteria is not met
WARNING: [Synth 8-3332] Sequential element (EXT_LPF/ACTIVE_LOW_EXT.ACT_LO_EXT/GENERATE_LEVEL_P_S_CDC.SINGLE_BIT.CROSS_PLEVEL_IN2SCNDRY_s_level_out_d5) is unused and will be removed from module proc_sys_reset.
WARNING: [Synth 8-3332] Sequential element (EXT_LPF/ACTIVE_LOW_EXT.ACT_LO_EXT/GENERATE_LEVEL_P_S_CDC.SINGLE_BIT.CROSS_PLEVEL_IN2SCNDRY_s_level_out_d6) is unused and will be removed from module proc_sys_reset.
WARNING: [Synth 8-3332] Sequential element (EXT_LPF/ACTIVE_LOW_AUX.ACT_LO_AUX/GENERATE_LEVEL_P_S_CDC.SINGLE_BIT.CROSS_PLEVEL_IN2SCNDRY_s_level_out_d5) is unused and will be removed from module proc_sys_reset.
WARNING: [Synth 8-3332] Sequential element (EXT_LPF/ACTIVE_LOW_AUX.ACT_LO_AUX/GENERATE_LEVEL_P_S_CDC.SINGLE_BIT.CROSS_PLEVEL_IN2SCNDRY_s_level_out_d6) is unused and will be removed from module proc_sys_reset.
---------------------------------------------------------------------------------
Finished Cross Boundary and Area Optimization : Time (s): cpu = 00:00:18 ; elapsed = 00:00:19 . Memory (MB): peak = 2957.766 ; gain = 508.562 ; free physical = 62411 ; free virtual = 155755
---------------------------------------------------------------------------------
---------------------------------------------------------------------------------
Start Applying XDC Timing Constraints
---------------------------------------------------------------------------------
---------------------------------------------------------------------------------
Finished Applying XDC Timing Constraints : Time (s): cpu = 00:00:27 ; elapsed = 00:00:27 . Memory (MB): peak = 3363.895 ; gain = 914.691 ; free physical = 62228 ; free virtual = 155593
---------------------------------------------------------------------------------
---------------------------------------------------------------------------------
Start Timing Optimization
---------------------------------------------------------------------------------
---------------------------------------------------------------------------------
Finished Timing Optimization : Time (s): cpu = 00:00:27 ; elapsed = 00:00:27 . Memory (MB): peak = 3363.895 ; gain = 914.691 ; free physical = 62228 ; free virtual = 155593
---------------------------------------------------------------------------------
---------------------------------------------------------------------------------
Start Technology Mapping
---------------------------------------------------------------------------------
---------------------------------------------------------------------------------
Finished Technology Mapping : Time (s): cpu = 00:00:27 ; elapsed = 00:00:28 . Memory (MB): peak = 3391.941 ; gain = 942.738 ; free physical = 62201 ; free virtual = 155566
---------------------------------------------------------------------------------
---------------------------------------------------------------------------------
Start IO Insertion
---------------------------------------------------------------------------------
---------------------------------------------------------------------------------
Start Flattening Before IO Insertion
---------------------------------------------------------------------------------
---------------------------------------------------------------------------------
Finished Flattening Before IO Insertion
---------------------------------------------------------------------------------
---------------------------------------------------------------------------------
Start Final Netlist Cleanup
---------------------------------------------------------------------------------
---------------------------------------------------------------------------------
Finished Final Netlist Cleanup
---------------------------------------------------------------------------------
---------------------------------------------------------------------------------
Finished IO Insertion : Time (s): cpu = 00:00:31 ; elapsed = 00:00:32 . Memory (MB): peak = 3391.941 ; gain = 942.738 ; free physical = 62208 ; free virtual = 155572
---------------------------------------------------------------------------------
---------------------------------------------------------------------------------
Start Renaming Generated Instances
---------------------------------------------------------------------------------
---------------------------------------------------------------------------------
Finished Renaming Generated Instances : Time (s): cpu = 00:00:31 ; elapsed = 00:00:32 . Memory (MB): peak = 3391.941 ; gain = 942.738 ; free physical = 62208 ; free virtual = 155572
---------------------------------------------------------------------------------
---------------------------------------------------------------------------------
Start Rebuilding User Hierarchy
---------------------------------------------------------------------------------
---------------------------------------------------------------------------------
Finished Rebuilding User Hierarchy : Time (s): cpu = 00:00:31 ; elapsed = 00:00:32 . Memory (MB): peak = 3391.941 ; gain = 942.738 ; free physical = 62208 ; free virtual = 155572
---------------------------------------------------------------------------------
---------------------------------------------------------------------------------
Start Renaming Generated Ports
---------------------------------------------------------------------------------
---------------------------------------------------------------------------------
Finished Renaming Generated Ports : Time (s): cpu = 00:00:31 ; elapsed = 00:00:32 . Memory (MB): peak = 3391.941 ; gain = 942.738 ; free physical = 62208 ; free virtual = 155572
---------------------------------------------------------------------------------
---------------------------------------------------------------------------------
Start Handling Custom Attributes
---------------------------------------------------------------------------------
---------------------------------------------------------------------------------
Finished Handling Custom Attributes : Time (s): cpu = 00:00:31 ; elapsed = 00:00:32 . Memory (MB): peak = 3391.941 ; gain = 942.738 ; free physical = 62208 ; free virtual = 155572
---------------------------------------------------------------------------------
---------------------------------------------------------------------------------
Start Renaming Generated Nets
---------------------------------------------------------------------------------
---------------------------------------------------------------------------------
Finished Renaming Generated Nets : Time (s): cpu = 00:00:31 ; elapsed = 00:00:32 . Memory (MB): peak = 3391.941 ; gain = 942.738 ; free physical = 62208 ; free virtual = 155572
---------------------------------------------------------------------------------
---------------------------------------------------------------------------------
Start Writing Synthesis Report
---------------------------------------------------------------------------------

Report BlackBoxes: 
+-+--------------+----------+
| |BlackBox name |Instances |
+-+--------------+----------+
+-+--------------+----------+

Report Cell Usage: 
+------+------+------+
|      |Cell  |Count |
+------+------+------+
|1     |LUT1  |     5|
|2     |LUT2  |     9|
|3     |LUT3  |     1|
|4     |LUT4  |     6|
|5     |LUT5  |     3|
|6     |LUT6  |     1|
|7     |SRL16 |     1|
|8     |FDR   |     8|
|9     |FDRE  |    28|
|10    |FDSE  |     4|
+------+------+------+
---------------------------------------------------------------------------------
Finished Writing Synthesis Report : Time (s): cpu = 00:00:31 ; elapsed = 00:00:32 . Memory (MB): peak = 3391.941 ; gain = 942.738 ; free physical = 62208 ; free virtual = 155572
---------------------------------------------------------------------------------
Synthesis finished with 0 errors, 0 critical warnings and 5 warnings.
Synthesis Optimization Runtime : Time (s): cpu = 00:00:25 ; elapsed = 00:00:26 . Memory (MB): peak = 3391.941 ; gain = 804.891 ; free physical = 62207 ; free virtual = 155572
Synthesis Optimization Complete : Time (s): cpu = 00:00:31 ; elapsed = 00:00:32 . Memory (MB): peak = 3391.949 ; gain = 942.738 ; free physical = 62204 ; free virtual = 155569
INFO: [Project 1-571] Translating synthesized netlist
Netlist sorting complete. Time (s): cpu = 00:00:00 ; elapsed = 00:00:00 . Memory (MB): peak = 3391.949 ; gain = 0.000 ; free physical = 62203 ; free virtual = 155568
INFO: [Netlist 29-17] Analyzing 9 Unisim elements for replacement
INFO: [Netlist 29-28] Unisim Transformation completed in 0 CPU seconds
INFO: [Project 1-570] Preparing netlist for logic optimization
INFO: [Opt 31-138] Pushed 0 inverter(s) to 0 load pin(s).
Netlist sorting complete. Time (s): cpu = 00:00:00 ; elapsed = 00:00:00 . Memory (MB): peak = 3449.738 ; gain = 0.000 ; free physical = 62440 ; free virtual = 155805
INFO: [Project 1-111] Unisim Transformation Summary:
  A total of 9 instances were transformed.
  FDR => FDRE: 8 instances
  SRL16 => SRL16E: 1 instance 

Synth Design complete | Checksum: cf0867b4
INFO: [Common 17-83] Releasing license: Synthesis
50 Infos, 10 Warnings, 0 Critical Warnings and 0 Errors encountered.
synth_design completed successfully
synth_design: Time (s): cpu = 00:00:39 ; elapsed = 00:00:37 . Memory (MB): peak = 3449.773 ; gain = 1844.984 ; free physical = 62468 ; free virtual = 155833
INFO: [Common 17-2834] synth_design peak Physical Memory [PSS] (MB): overall = 2596.220; main = 2298.799; forked = 333.123
INFO: [Common 17-2834] synth_design peak Virtual Memory [VSS] (MB): overall = 5005.195; main = 3449.742; forked = 1613.250
Write ShapeDB Complete: Time (s): cpu = 00:00:00.01 ; elapsed = 00:00:00 . Memory (MB): peak = 3473.750 ; gain = 0.000 ; free physical = 62468 ; free virtual = 155833
INFO: [Common 17-1381] The checkpoint '/home/mss464/minitpu/tpu/ultra96-v2/output/tpu_system/tpu_system.runs/minitpu_proc_sys_reset_0_0_synth_1/minitpu_proc_sys_reset_0_0.dcp' has been generated.
INFO: [Coretcl 2-1648] Added synthesis output to IP cache for IP minitpu_proc_sys_reset_0_0, cache-ID = 72ba33dc3c239888
INFO: [Coretcl 2-1174] Renamed 6 cell refs.
Write ShapeDB Complete: Time (s): cpu = 00:00:00 ; elapsed = 00:00:00 . Memory (MB): peak = 3473.750 ; gain = 0.000 ; free physical = 62472 ; free virtual = 155837
INFO: [Common 17-1381] The checkpoint '/home/mss464/minitpu/tpu/ultra96-v2/output/tpu_system/tpu_system.runs/minitpu_proc_sys_reset_0_0_synth_1/minitpu_proc_sys_reset_0_0.dcp' has been generated.
INFO: [runtcl-4] Executing : report_utilization -file minitpu_proc_sys_reset_0_0_utilization_synth.rpt -pb minitpu_proc_sys_reset_0_0_utilization_synth.pb
INFO: [Common 17-206] Exiting Vivado at Tue Feb 17 00:10:41 2026...
