Copyright 1986-2022 Xilinx, Inc. All Rights Reserved. Copyright 2022-2023 Advanced Micro Devices, Inc. All Rights Reserved.
---------------------------------------------------------------------------------------------------------------------------------------------
| Tool Version : Vivado v.2023.2 (lin64) Build 4029153 Fri Oct 13 20:13:54 MDT 2023
| Date         : Tue Feb 17 00:19:24 2026
| Host         : brg-zhang-xcel.ece.cornell.edu running 64-bit Red Hat Enterprise Linux 9.1 (Plow)
| Command      : report_utilization -file minitpu_wrapper_utilization_placed.rpt -pb minitpu_wrapper_utilization_placed.pb
| Design       : minitpu_wrapper
| Device       : xczu3eg-sbva484-1-i
| Speed File   : -1
| Design State : Fully Placed
---------------------------------------------------------------------------------------------------------------------------------------------

Utilization Design Information

Table of Contents
-----------------
1. CLB Logic
1.1 Summary of Registers by Type
2. CLB Logic Distribution
3. BLOCKRAM
4. ARITHMETIC
5. I/O
6. CLOCK
7. ADVANCED
8. CONFIGURATION
9. Primitives
10. Black Boxes
11. Instantiated Netlists

1. CLB Logic
------------

+----------------------------+-------+-------+------------+-----------+-------+
|          Site Type         |  Used | Fixed | Prohibited | Available | Util% |
+----------------------------+-------+-------+------------+-----------+-------+
| CLB LUTs                   | 35434 |     0 |          0 |     70560 | 50.22 |
|   LUT as Logic             | 34617 |     0 |          0 |     70560 | 49.06 |
|   LUT as Memory            |   817 |     0 |          0 |     28800 |  2.84 |
|     LUT as Distributed RAM |   610 |     0 |            |           |       |
|     LUT as Shift Register  |   207 |     0 |            |           |       |
| CLB Registers              | 14540 |     0 |          0 |    141120 | 10.30 |
|   Register as Flip Flop    | 14540 |     0 |          0 |    141120 | 10.30 |
|   Register as Latch        |     0 |     0 |          0 |    141120 |  0.00 |
| CARRY8                     |   566 |     0 |          0 |      8820 |  6.42 |
| F7 Muxes                   |   330 |     0 |          0 |     35280 |  0.94 |
| F8 Muxes                   |     1 |     0 |          0 |     17640 | <0.01 |
| F9 Muxes                   |     0 |     0 |          0 |      8820 |  0.00 |
+----------------------------+-------+-------+------------+-----------+-------+
* Warning! LUT value is adjusted to account for LUT combining.


1.1 Summary of Registers by Type
--------------------------------

+-------+--------------+-------------+--------------+
| Total | Clock Enable | Synchronous | Asynchronous |
+-------+--------------+-------------+--------------+
| 0     |            _ |           - |            - |
| 0     |            _ |           - |          Set |
| 0     |            _ |           - |        Reset |
| 0     |            _ |         Set |            - |
| 0     |            _ |       Reset |            - |
| 0     |          Yes |           - |            - |
| 4     |          Yes |           - |          Set |
| 7609  |          Yes |           - |        Reset |
| 254   |          Yes |         Set |            - |
| 6673  |          Yes |       Reset |            - |
+-------+--------------+-------------+--------------+


2. CLB Logic Distribution
-------------------------

+--------------------------------------------+-------+-------+------------+-----------+-------+
|                  Site Type                 |  Used | Fixed | Prohibited | Available | Util% |
+--------------------------------------------+-------+-------+------------+-----------+-------+
| CLB                                        |  6517 |     0 |          0 |      8820 | 73.89 |
|   CLBL                                     |  3956 |     0 |            |           |       |
|   CLBM                                     |  2561 |     0 |            |           |       |
| LUT as Logic                               | 34617 |     0 |          0 |     70560 | 49.06 |
|   using O5 output only                     |   271 |       |            |           |       |
|   using O6 output only                     | 26746 |       |            |           |       |
|   using O5 and O6                          |  7600 |       |            |           |       |
| LUT as Memory                              |   817 |     0 |          0 |     28800 |  2.84 |
|   LUT as Distributed RAM                   |   610 |     0 |            |           |       |
|     using O5 output only                   |     0 |       |            |           |       |
|     using O6 output only                   |     2 |       |            |           |       |
|     using O5 and O6                        |   608 |       |            |           |       |
|   LUT as Shift Register                    |   207 |     0 |            |           |       |
|     using O5 output only                   |     0 |       |            |           |       |
|     using O6 output only                   |   143 |       |            |           |       |
|     using O5 and O6                        |    64 |       |            |           |       |
| CLB Registers                              | 14540 |     0 |          0 |    141120 | 10.30 |
|   Register driven from within the CLB      |  6413 |       |            |           |       |
|   Register driven from outside the CLB     |  8127 |       |            |           |       |
|     LUT in front of the register is unused |  4105 |       |            |           |       |
|     LUT in front of the register is used   |  4022 |       |            |           |       |
| Unique Control Sets                        |   470 |       |          0 |     17640 |  2.66 |
+--------------------------------------------+-------+-------+------------+-----------+-------+
* * Note: Available Control Sets calculated as Slices * 2, Review the Control Sets Report for more information regarding control sets.


3. BLOCKRAM
-----------

+-------------------+------+-------+------------+-----------+-------+
|     Site Type     | Used | Fixed | Prohibited | Available | Util% |
+-------------------+------+-------+------------+-----------+-------+
| Block RAM Tile    | 12.5 |     0 |          0 |       216 |  5.79 |
|   RAMB36/FIFO*    |   12 |     0 |          0 |       216 |  5.56 |
|     RAMB36E2 only |   12 |       |            |           |       |
|   RAMB18          |    1 |     0 |          0 |       432 |  0.23 |
|     RAMB18E2 only |    1 |       |            |           |       |
+-------------------+------+-------+------------+-----------+-------+
* Note: Each Block RAM Tile only has one FIFO logic available and therefore can accommodate only one FIFO36E2 or one FIFO18E2. However, if a FIFO18E2 occupies a Block RAM Tile, that tile can still accommodate a RAMB18E2


4. ARITHMETIC
-------------

+----------------+------+-------+------------+-----------+-------+
|    Site Type   | Used | Fixed | Prohibited | Available | Util% |
+----------------+------+-------+------------+-----------+-------+
| DSPs           |   50 |     0 |          0 |       360 | 13.89 |
|   DSP48E2 only |   50 |       |            |           |       |
+----------------+------+-------+------------+-----------+-------+


5. I/O
------

+------------------+------+-------+------------+-----------+-------+
|     Site Type    | Used | Fixed | Prohibited | Available | Util% |
+------------------+------+-------+------------+-----------+-------+
| Bonded IOB       |    0 |     0 |          0 |        82 |  0.00 |
| HPIOB_M          |    0 |     0 |          0 |        26 |  0.00 |
| HPIOB_S          |    0 |     0 |          0 |        26 |  0.00 |
| HDIOB_M          |    0 |     0 |          0 |        12 |  0.00 |
| HDIOB_S          |    0 |     0 |          0 |        12 |  0.00 |
| HPIOB_SNGL       |    0 |     0 |          0 |         6 |  0.00 |
| HPIOBDIFFINBUF   |    0 |     0 |          0 |        72 |  0.00 |
| HPIOBDIFFOUTBUF  |    0 |     0 |          0 |        72 |  0.00 |
| HDIOBDIFFINBUF   |    0 |     0 |          0 |        48 |  0.00 |
| BITSLICE_CONTROL |    0 |     0 |          0 |        24 |  0.00 |
| BITSLICE_RX_TX   |    0 |     0 |          0 |       936 |  0.00 |
| BITSLICE_TX      |    0 |     0 |          0 |        24 |  0.00 |
| RIU_OR           |    0 |     0 |          0 |        12 |  0.00 |
+------------------+------+-------+------------+-----------+-------+


6. CLOCK
--------

+----------------------+------+-------+------------+-----------+-------+
|       Site Type      | Used | Fixed | Prohibited | Available | Util% |
+----------------------+------+-------+------------+-----------+-------+
| GLOBAL CLOCK BUFFERs |    1 |     0 |          0 |       196 |  0.51 |
|   BUFGCE             |    0 |     0 |          0 |        88 |  0.00 |
|   BUFGCE_DIV         |    0 |     0 |          0 |        12 |  0.00 |
|   BUFG_PS            |    1 |     0 |          0 |        72 |  1.39 |
|   BUFGCTRL*          |    0 |     0 |          0 |        24 |  0.00 |
| PLL                  |    0 |     0 |          0 |         6 |  0.00 |
| MMCM                 |    0 |     0 |          0 |         3 |  0.00 |
+----------------------+------+-------+------------+-----------+-------+
* Note: Each used BUFGCTRL counts as two GLOBAL CLOCK BUFFERs. This table does not include global clocking resources, only buffer cell usage. See the Clock Utilization Report (report_clock_utilization) for detailed accounting of global clocking resource availability.


7. ADVANCED
-----------

+-----------+------+-------+------------+-----------+--------+
| Site Type | Used | Fixed | Prohibited | Available |  Util% |
+-----------+------+-------+------------+-----------+--------+
| PS8       |    1 |     0 |          0 |         1 | 100.00 |
| SYSMONE4  |    0 |     0 |          0 |         1 |   0.00 |
+-----------+------+-------+------------+-----------+--------+


8. CONFIGURATION
----------------

+-------------+------+-------+------------+-----------+-------+
|  Site Type  | Used | Fixed | Prohibited | Available | Util% |
+-------------+------+-------+------------+-----------+-------+
| BSCANE2     |    0 |     0 |          0 |         4 |  0.00 |
| DNA_PORTE2  |    0 |     0 |          0 |         1 |  0.00 |
| EFUSE_USR   |    0 |     0 |          0 |         1 |  0.00 |
| FRAME_ECCE4 |    0 |     0 |          0 |         1 |  0.00 |
| ICAPE3      |    0 |     0 |          0 |         2 |  0.00 |
| MASTER_JTAG |    0 |     0 |          0 |         1 |  0.00 |
| STARTUPE3   |    0 |     0 |          0 |         1 |  0.00 |
+-------------+------+-------+------------+-----------+-------+


9. Primitives
-------------

+----------+-------+---------------------+
| Ref Name |  Used | Functional Category |
+----------+-------+---------------------+
| LUT6     | 16463 |                 CLB |
| LUT5     |  7636 |                 CLB |
| FDCE     |  7609 |            Register |
| LUT3     |  7456 |                 CLB |
| FDRE     |  6673 |            Register |
| LUT4     |  6044 |                 CLB |
| LUT2     |  3922 |                 CLB |
| RAMD32   |  1064 |                 CLB |
| LUT1     |   696 |                 CLB |
| CARRY8   |   566 |                 CLB |
| MUXF7    |   330 |                 CLB |
| FDSE     |   254 |            Register |
| SRL16E   |   220 |                 CLB |
| RAMS32   |   154 |                 CLB |
| SRLC32E  |    51 |                 CLB |
| DSP48E2  |    50 |          Arithmetic |
| RAMB36E2 |    12 |            BLOCKRAM |
| FDPE     |     4 |            Register |
| RAMB18E2 |     1 |            BLOCKRAM |
| PS8      |     1 |            Advanced |
| MUXF8    |     1 |                 CLB |
| BUFG_PS  |     1 |               Clock |
+----------+-------+---------------------+


10. Black Boxes
---------------

+----------+------+
| Ref Name | Used |
+----------+------+


11. Instantiated Netlists
-------------------------

+----------------------------+------+
|          Ref Name          | Used |
+----------------------------+------+
| minitpu_zynq_ps_0          |    1 |
| minitpu_xbar_0             |    1 |
| minitpu_tpu_0_0            |    1 |
| minitpu_proc_sys_reset_0_0 |    1 |
| minitpu_axi_smc_0          |    1 |
| minitpu_axi_dma_0_0        |    1 |
| minitpu_auto_pc_0          |    1 |
+----------------------------+------+


